2026-05-06 00:40:11,998 - root - INFO - 🔄 Auto-cleanup scheduler started
2026-05-06 00:40:12,000 - root - INFO - 🚀 Starting bot and Flask server...
2026-05-06 00:40:12,079 - root - ERROR - ❌ Bot crashed: 'Updater' object has no attribute '_Updater__polling_cleanup_cb' and no __dict__ for setting new attributes
2026-05-06 00:40:12,079 - root - INFO - 🔄 Restarting in 10 seconds...
2026-05-06 00:40:12,180 - werkzeug - INFO - [31m[1mWARNING: This is a development server. Do not use it in a production deployment. Use a production WSGI server instead.[0m
 * Running on all addresses (0.0.0.0)
 * Running on http://127.0.0.1:5000
 * Running on http://192.168.1.2:5000
2026-05-06 00:40:12,181 - werkzeug - INFO - [33mPress CTRL+C to quit[0m
2026-05-06 00:40:22,093 - root - INFO - 🚀 Starting bot and Flask server...
2026-05-06 00:40:22,155 - root - ERROR - ❌ Bot crashed: 'Updater' object has no attribute '_Updater__polling_cleanup_cb' and no __dict__ for setting new attributes
2026-05-06 00:40:22,156 - root - INFO - 🔄 Restarting in 10 seconds...
2026-05-06 00:40:32,164 - root - INFO - 🚀 Starting bot and Flask server...
2026-05-06 00:40:32,222 - root - ERROR - ❌ Bot crashed: 'Updater' object has no attribute '_Updater__polling_cleanup_cb' and no __dict__ for setting new attributes
2026-05-06 00:40:32,223 - root - INFO - 🔄 Restarting in 10 seconds...
2026-05-06 00:40:42,232 - root - INFO - 🚀 Starting bot and Flask server...
2026-05-06 00:40:42,280 - root - ERROR - ❌ Bot crashed: 'Updater' object has no attribute '_Updater__polling_cleanup_cb' and no __dict__ for setting new attributes
2026-05-06 00:40:42,280 - root - INFO - 🔄 Restarting in 10 seconds...
2026-05-06 00:40:52,293 - root - INFO - 🚀 Starting bot and Flask server...
2026-05-06 00:40:52,338 - root - ERROR - ❌ Bot crashed: 'Updater' object has no attribute '_Updater__polling_cleanup_cb' and no __dict__ for setting new attributes
2026-05-06 00:40:52,339 - root - INFO - 🔄 Restarting in 10 seconds...
2026-05-06 00:41:02,348 - root - INFO - 🚀 Starting bot and Flask server...
2026-05-06 00:41:02,393 - root - ERROR - ❌ Bot crashed: 'Updater' object has no attribute '_Updater__polling_cleanup_cb' and no __dict__ for setting new attributes
2026-05-06 00:41:02,394 - root - INFO - 🔄 Restarting in 10 seconds...
2026-05-06 00:41:12,403 - root - INFO - 🚀 Starting bot and Flask server...
2026-05-06 00:41:12,464 - root - ERROR - ❌ Bot crashed: 'Updater' object has no attribute '_Updater__polling_cleanup_cb' and no __dict__ for setting new attributes
2026-05-06 00:41:12,464 - root - INFO - 🔄 Restarting in 10 seconds...
2026-05-06 00:41:22,474 - root - INFO - 🚀 Starting bot and Flask server...
2026-05-06 00:41:22,522 - root - ERROR - ❌ Bot crashed: 'Updater' object has no attribute '_Updater__polling_cleanup_cb' and no __dict__ for setting new attributes
2026-05-06 00:41:22,522 - root - INFO - 🔄 Restarting in 10 seconds...
2026-05-06 00:41:32,532 - root - INFO - 🚀 Starting bot and Flask server...
2026-05-06 00:41:32,572 - root - ERROR - ❌ Bot crashed: 'Updater' object has no attribute '_Updater__polling_cleanup_cb' and no __dict__ for setting new attributes
2026-05-06 00:41:32,573 - root - INFO - 🔄 Restarting in 10 seconds...
2026-05-06 00:41:42,579 - root - INFO - 🚀 Starting bot and Flask server...
2026-05-06 00:41:42,644 - root - ERROR - ❌ Bot crashed: 'Updater' object has no attribute '_Updater__polling_cleanup_cb' and no __dict__ for setting new attributes
2026-05-06 00:41:42,644 - root - INFO - 🔄 Restarting in 10 seconds...
2026-05-06 00:41:52,653 - root - INFO - 🚀 Starting bot and Flask server...
2026-05-06 00:41:52,705 - root - ERROR - ❌ Bot crashed: 'Updater' object has no attribute '_Updater__polling_cleanup_cb' and no __dict__ for setting new attributes
2026-05-06 00:41:52,705 - root - INFO - 🔄 Restarting in 10 seconds...
2026-05-06 00:42:02,714 - root - INFO - 🚀 Starting bot and Flask server...
2026-05-06 00:42:02,764 - root - ERROR - ❌ Bot crashed: 'Updater' object has no attribute '_Updater__polling_cleanup_cb' and no __dict__ for setting new attributes
2026-05-06 00:42:02,764 - root - INFO - 🔄 Restarting in 10 seconds...
2026-05-06 00:42:12,772 - root - INFO - 🚀 Starting bot and Flask server...
2026-05-06 00:42:12,824 - root - ERROR - ❌ Bot crashed: 'Updater' object has no attribute '_Updater__polling_cleanup_cb' and no __dict__ for setting new attributes
2026-05-06 00:42:12,824 - root - INFO - 🔄 Restarting in 10 seconds...
2026-05-06 00:42:22,834 - root - INFO - 🚀 Starting bot and Flask server...
2026-05-06 00:42:22,892 - root - ERROR - ❌ Bot crashed: 'Updater' object has no attribute '_Updater__polling_cleanup_cb' and no __dict__ for setting new attributes
2026-05-06 00:42:22,892 - root - INFO - 🔄 Restarting in 10 seconds...
2026-05-06 00:42:32,903 - root - INFO - 🚀 Starting bot and Flask server...
2026-05-06 00:42:32,945 - root - ERROR - ❌ Bot crashed: 'Updater' object has no attribute '_Updater__polling_cleanup_cb' and no __dict__ for setting new attributes
2026-05-06 00:42:32,945 - root - INFO - 🔄 Restarting in 10 seconds...
2026-05-06 00:42:42,954 - root - INFO - 🚀 Starting bot and Flask server...
2026-05-06 00:42:42,994 - root - ERROR - ❌ Bot crashed: 'Updater' object has no attribute '_Updater__polling_cleanup_cb' and no __dict__ for setting new attributes
2026-05-06 00:42:42,995 - root - INFO - 🔄 Restarting in 10 seconds...
2026-05-06 00:42:53,005 - root - INFO - 🚀 Starting bot and Flask server...
2026-05-06 00:42:53,049 - root - ERROR - ❌ Bot crashed: 'Updater' object has no attribute '_Updater__polling_cleanup_cb' and no __dict__ for setting new attributes
2026-05-06 00:42:53,049 - root - INFO - 🔄 Restarting in 10 seconds...
2026-05-06 00:43:03,058 - root - INFO - 🚀 Starting bot and Flask server...
2026-05-06 00:43:03,105 - root - ERROR - ❌ Bot crashed: 'Updater' object has no attribute '_Updater__polling_cleanup_cb' and no __dict__ for setting new attributes
2026-05-06 00:43:03,105 - root - INFO - 🔄 Restarting in 10 seconds...
2026-05-06 00:43:13,113 - root - INFO - 🚀 Starting bot and Flask server...
2026-05-06 00:43:13,165 - root - ERROR - ❌ Bot crashed: 'Updater' object has no attribute '_Updater__polling_cleanup_cb' and no __dict__ for setting new attributes
2026-05-06 00:43:13,165 - root - INFO - 🔄 Restarting in 10 seconds...
2026-05-06 00:43:23,179 - root - INFO - 🚀 Starting bot and Flask server...
2026-05-06 00:43:23,219 - root - ERROR - ❌ Bot crashed: 'Updater' object has no attribute '_Updater__polling_cleanup_cb' and no __dict__ for setting new attributes
2026-05-06 00:43:23,220 - root - INFO - 🔄 Restarting in 10 seconds...
2026-05-06 00:43:33,232 - root - INFO - 🚀 Starting bot and Flask server...
2026-05-06 00:43:33,273 - root - ERROR - ❌ Bot crashed: 'Updater' object has no attribute '_Updater__polling_cleanup_cb' and no __dict__ for setting new attributes
2026-05-06 00:43:33,273 - root - INFO - 🔄 Restarting in 10 seconds...
2026-05-06 00:43:43,286 - root - INFO - 🚀 Starting bot and Flask server...
2026-05-06 00:43:43,325 - root - ERROR - ❌ Bot crashed: 'Updater' object has no attribute '_Updater__polling_cleanup_cb' and no __dict__ for setting new attributes
2026-05-06 00:43:43,326 - root - INFO - 🔄 Restarting in 10 seconds...
2026-05-06 00:43:53,339 - root - INFO - 🚀 Starting bot and Flask server...
2026-05-06 00:43:53,382 - root - ERROR - ❌ Bot crashed: 'Updater' object has no attribute '_Updater__polling_cleanup_cb' and no __dict__ for setting new attributes
2026-05-06 00:43:53,382 - root - INFO - 🔄 Restarting in 10 seconds...
2026-05-06 00:44:03,395 - root - INFO - 🚀 Starting bot and Flask server...
2026-05-06 00:44:03,460 - root - ERROR - ❌ Bot crashed: 'Updater' object has no attribute '_Updater__polling_cleanup_cb' and no __dict__ for setting new attributes
2026-05-06 00:44:03,460 - root - INFO - 🔄 Restarting in 10 seconds...
2026-05-06 00:44:13,470 - root - INFO - 🚀 Starting bot and Flask server...
2026-05-06 00:44:13,515 - root - ERROR - ❌ Bot crashed: 'Updater' object has no attribute '_Updater__polling_cleanup_cb' and no __dict__ for setting new attributes
2026-05-06 00:44:13,515 - root - INFO - 🔄 Restarting in 10 seconds...
2026-05-06 00:44:23,525 - root - INFO - 🚀 Starting bot and Flask server...
2026-05-06 00:44:23,570 - root - ERROR - ❌ Bot crashed: 'Updater' object has no attribute '_Updater__polling_cleanup_cb' and no __dict__ for setting new attributes
2026-05-06 00:44:23,570 - root - INFO - 🔄 Restarting in 10 seconds...
2026-05-06 00:44:33,581 - root - INFO - 🚀 Starting bot and Flask server...
2026-05-06 00:44:33,623 - root - ERROR - ❌ Bot crashed: 'Updater' object has no attribute '_Updater__polling_cleanup_cb' and no __dict__ for setting new attributes
2026-05-06 00:44:33,623 - root - INFO - 🔄 Restarting in 10 seconds...
2026-05-06 00:44:43,635 - root - INFO - 🚀 Starting bot and Flask server...
2026-05-06 00:44:43,675 - root - ERROR - ❌ Bot crashed: 'Updater' object has no attribute '_Updater__polling_cleanup_cb' and no __dict__ for setting new attributes
2026-05-06 00:44:43,675 - root - INFO - 🔄 Restarting in 10 seconds...
2026-05-06 00:44:53,622 - root - INFO - 🚀 Starting bot and Flask server...
2026-05-06 00:44:53,695 - root - ERROR - ❌ Bot crashed: 'Updater' object has no attribute '_Updater__polling_cleanup_cb' and no __dict__ for setting new attributes
2026-05-06 00:44:53,697 - root - INFO - 🔄 Restarting in 10 seconds...
2026-05-06 00:45:03,715 - root - INFO - 🚀 Starting bot and Flask server...
2026-05-06 00:45:03,756 - root - ERROR - ❌ Bot crashed: 'Updater' object has no attribute '_Updater__polling_cleanup_cb' and no __dict__ for setting new attributes
2026-05-06 00:45:03,757 - root - INFO - 🔄 Restarting in 10 seconds...
2026-05-06 00:45:13,766 - root - INFO - 🚀 Starting bot and Flask server...
2026-05-06 00:45:13,803 - root - ERROR - ❌ Bot crashed: 'Updater' object has no attribute '_Updater__polling_cleanup_cb' and no __dict__ for setting new attributes
2026-05-06 00:45:13,803 - root - INFO - 🔄 Restarting in 10 seconds...
2026-05-06 00:45:23,818 - root - INFO - 🚀 Starting bot and Flask server...
2026-05-06 00:45:23,856 - root - ERROR - ❌ Bot crashed: 'Updater' object has no attribute '_Updater__polling_cleanup_cb' and no __dict__ for setting new attributes
2026-05-06 00:45:23,856 - root - INFO - 🔄 Restarting in 10 seconds...
2026-05-06 02:45:31,098 - root - INFO - 🚀 Starting bot and Flask server...
2026-05-06 02:45:31,920 - root - ERROR - ❌ Bot crashed: 'Updater' object has no attribute '_Updater__polling_cleanup_cb' and no __dict__ for setting new attributes
2026-05-06 02:45:31,921 - root - INFO - 🔄 Restarting in 10 seconds...
2026-05-06 07:35:19,032 - root - INFO - 🚀 Starting bot and Flask server...
2026-05-06 07:35:20,294 - root - ERROR - ❌ Bot crashed: 'Updater' object has no attribute '_Updater__polling_cleanup_cb' and no __dict__ for setting new attributes
2026-05-06 07:35:20,296 - root - INFO - 🔄 Restarting in 10 seconds...
2026-05-06 07:35:31,469 - root - INFO - 🚀 Starting bot and Flask server...
2026-05-06 07:35:31,516 - root - ERROR - ❌ Bot crashed: 'Updater' object has no attribute '_Updater__polling_cleanup_cb' and no __dict__ for setting new attributes
2026-05-06 07:35:31,516 - root - INFO - 🔄 Restarting in 10 seconds...
2026-05-06 12:29:52,770 - root - INFO - 🚀 Starting bot and Flask server...
2026-05-06 12:29:52,872 - root - ERROR - ❌ Bot crashed: 'Updater' object has no attribute '_Updater__polling_cleanup_cb' and no __dict__ for setting new attributes
2026-05-06 12:29:52,872 - root - INFO - 🔄 Restarting in 10 seconds...
2026-05-06 12:30:02,880 - root - INFO - 🚀 Starting bot and Flask server...
2026-05-06 12:30:02,940 - root - ERROR - ❌ Bot crashed: 'Updater' object has no attribute '_Updater__polling_cleanup_cb' and no __dict__ for setting new attributes
2026-05-06 12:30:02,940 - root - INFO - 🔄 Restarting in 10 seconds...
2026-05-06 12:30:13,479 - root - INFO - 🚀 Starting bot and Flask server...
2026-05-06 12:30:13,557 - root - ERROR - ❌ Bot crashed: 'Updater' object has no attribute '_Updater__polling_cleanup_cb' and no __dict__ for setting new attributes
2026-05-06 12:30:13,557 - root - INFO - 🔄 Restarting in 10 seconds...
2026-05-06 12:30:23,566 - root - INFO - 🚀 Starting bot and Flask server...
2026-05-06 12:30:23,631 - root - ERROR - ❌ Bot crashed: 'Updater' object has no attribute '_Updater__polling_cleanup_cb' and no __dict__ for setting new attributes
2026-05-06 12:30:23,632 - root - INFO - 🔄 Restarting in 10 seconds...
2026-05-06 12:30:33,647 - root - INFO - 🚀 Starting bot and Flask server...
2026-05-06 12:30:33,831 - root - ERROR - ❌ Bot crashed: 'Updater' object has no attribute '_Updater__polling_cleanup_cb' and no __dict__ for setting new attributes
2026-05-06 12:30:33,832 - root - INFO - 🔄 Restarting in 10 seconds...
2026-05-06 12:30:43,840 - root - INFO - 🚀 Starting bot and Flask server...
2026-05-06 12:30:43,887 - root - ERROR - ❌ Bot crashed: 'Updater' object has no attribute '_Updater__polling_cleanup_cb' and no __dict__ for setting new attributes
2026-05-06 12:30:43,887 - root - INFO - 🔄 Restarting in 10 seconds...
2026-05-06 12:30:53,901 - root - INFO - 🚀 Starting bot and Flask server...
2026-05-06 12:30:53,982 - root - ERROR - ❌ Bot crashed: 'Updater' object has no attribute '_Updater__polling_cleanup_cb' and no __dict__ for setting new attributes
2026-05-06 12:30:53,982 - root - INFO - 🔄 Restarting in 10 seconds...
2026-05-06 12:31:03,996 - root - INFO - 🚀 Starting bot and Flask server...
2026-05-06 12:31:04,045 - root - ERROR - ❌ Bot crashed: 'Updater' object has no attribute '_Updater__polling_cleanup_cb' and no __dict__ for setting new attributes
2026-05-06 12:31:04,045 - root - INFO - 🔄 Restarting in 10 seconds...
2026-05-06 12:31:14,053 - root - INFO - 🚀 Starting bot and Flask server...
2026-05-06 12:31:14,107 - root - ERROR - ❌ Bot crashed: 'Updater' object has no attribute '_Updater__polling_cleanup_cb' and no __dict__ for setting new attributes
2026-05-06 12:31:14,107 - root - INFO - 🔄 Restarting in 10 seconds...
2026-05-06 12:31:24,120 - root - INFO - 🚀 Starting bot and Flask server...
2026-05-06 12:31:24,171 - root - ERROR - ❌ Bot crashed: 'Updater' object has no attribute '_Updater__polling_cleanup_cb' and no __dict__ for setting new attributes
2026-05-06 12:31:24,172 - root - INFO - 🔄 Restarting in 10 seconds...
2026-05-06 12:31:34,189 - root - INFO - 🚀 Starting bot and Flask server...
2026-05-06 12:31:34,282 - root - ERROR - ❌ Bot crashed: 'Updater' object has no attribute '_Updater__polling_cleanup_cb' and no __dict__ for setting new attributes
2026-05-06 12:31:34,282 - root - INFO - 🔄 Restarting in 10 seconds...
2026-05-06 12:31:44,289 - root - INFO - 🚀 Starting bot and Flask server...
2026-05-06 12:31:44,392 - root - ERROR - ❌ Bot crashed: 'Updater' object has no attribute '_Updater__polling_cleanup_cb' and no __dict__ for setting new attributes
2026-05-06 12:31:44,392 - root - INFO - 🔄 Restarting in 10 seconds...
2026-05-06 12:31:54,399 - root - INFO - 🚀 Starting bot and Flask server...
2026-05-06 12:31:54,446 - root - ERROR - ❌ Bot crashed: 'Updater' object has no attribute '_Updater__polling_cleanup_cb' and no __dict__ for setting new attributes
2026-05-06 12:31:54,446 - root - INFO - 🔄 Restarting in 10 seconds...
2026-05-06 12:32:04,451 - root - INFO - 🚀 Starting bot and Flask server...
2026-05-06 12:32:04,492 - root - ERROR - ❌ Bot crashed: 'Updater' object has no attribute '_Updater__polling_cleanup_cb' and no __dict__ for setting new attributes
2026-05-06 12:32:04,492 - root - INFO - 🔄 Restarting in 10 seconds...
2026-05-06 12:32:14,502 - root - INFO - 🚀 Starting bot and Flask server...
2026-05-06 12:32:14,548 - root - ERROR - ❌ Bot crashed: 'Updater' object has no attribute '_Updater__polling_cleanup_cb' and no __dict__ for setting new attributes
2026-05-06 12:32:14,548 - root - INFO - 🔄 Restarting in 10 seconds...
2026-05-06 12:32:24,561 - root - INFO - 🚀 Starting bot and Flask server...
2026-05-06 12:32:24,601 - root - ERROR - ❌ Bot crashed: 'Updater' object has no attribute '_Updater__polling_cleanup_cb' and no __dict__ for setting new attributes
2026-05-06 12:32:24,601 - root - INFO - 🔄 Restarting in 10 seconds...
2026-05-06 12:32:34,615 - root - INFO - 🚀 Starting bot and Flask server...
2026-05-06 12:32:34,668 - root - ERROR - ❌ Bot crashed: 'Updater' object has no attribute '_Updater__polling_cleanup_cb' and no __dict__ for setting new attributes
2026-05-06 12:32:34,668 - root - INFO - 🔄 Restarting in 10 seconds...
2026-05-06 12:32:44,681 - root - INFO - 🚀 Starting bot and Flask server...
2026-05-06 12:32:44,767 - root - ERROR - ❌ Bot crashed: 'Updater' object has no attribute '_Updater__polling_cleanup_cb' and no __dict__ for setting new attributes
2026-05-06 12:32:44,767 - root - INFO - 🔄 Restarting in 10 seconds...
2026-05-06 12:32:54,771 - root - INFO - 🚀 Starting bot and Flask server...
2026-05-06 12:32:54,818 - root - ERROR - ❌ Bot crashed: 'Updater' object has no attribute '_Updater__polling_cleanup_cb' and no __dict__ for setting new attributes
2026-05-06 12:32:54,818 - root - INFO - 🔄 Restarting in 10 seconds...
2026-05-06 12:33:04,829 - root - INFO - 🚀 Starting bot and Flask server...
2026-05-06 12:33:04,897 - root - ERROR - ❌ Bot crashed: 'Updater' object has no attribute '_Updater__polling_cleanup_cb' and no __dict__ for setting new attributes
2026-05-06 12:33:04,897 - root - INFO - 🔄 Restarting in 10 seconds...
2026-05-06 12:33:14,905 - root - INFO - 🚀 Starting bot and Flask server...
2026-05-06 12:33:14,989 - root - ERROR - ❌ Bot crashed: 'Updater' object has no attribute '_Updater__polling_cleanup_cb' and no __dict__ for setting new attributes
2026-05-06 12:33:14,989 - root - INFO - 🔄 Restarting in 10 seconds...
2026-05-06 12:33:24,999 - root - INFO - 🚀 Starting bot and Flask server...
2026-05-06 12:33:25,043 - root - ERROR - ❌ Bot crashed: 'Updater' object has no attribute '_Updater__polling_cleanup_cb' and no __dict__ for setting new attributes
2026-05-06 12:33:25,043 - root - INFO - 🔄 Restarting in 10 seconds...
2026-05-06 12:33:35,055 - root - INFO - 🚀 Starting bot and Flask server...
2026-05-06 12:33:35,292 - root - ERROR - ❌ Bot crashed: 'Updater' object has no attribute '_Updater__polling_cleanup_cb' and no __dict__ for setting new attributes
2026-05-06 12:33:35,293 - root - INFO - 🔄 Restarting in 10 seconds...
2026-05-06 12:33:45,306 - root - INFO - 🚀 Starting bot and Flask server...
2026-05-06 12:33:45,357 - root - ERROR - ❌ Bot crashed: 'Updater' object has no attribute '_Updater__polling_cleanup_cb' and no __dict__ for setting new attributes
2026-05-06 12:33:45,357 - root - INFO - 🔄 Restarting in 10 seconds...
2026-05-06 12:33:55,363 - root - INFO - 🚀 Starting bot and Flask server...
2026-05-06 12:33:55,426 - root - ERROR - ❌ Bot crashed: 'Updater' object has no attribute '_Updater__polling_cleanup_cb' and no __dict__ for setting new attributes
2026-05-06 12:33:55,426 - root - INFO - 🔄 Restarting in 10 seconds...
2026-05-06 12:34:05,439 - root - INFO - 🚀 Starting bot and Flask server...
2026-05-06 12:34:05,496 - root - ERROR - ❌ Bot crashed: 'Updater' object has no attribute '_Updater__polling_cleanup_cb' and no __dict__ for setting new attributes
2026-05-06 12:34:05,496 - root - INFO - 🔄 Restarting in 10 seconds...
2026-05-06 12:34:15,542 - root - INFO - 🚀 Starting bot and Flask server...
2026-05-06 12:34:15,595 - root - ERROR - ❌ Bot crashed: 'Updater' object has no attribute '_Updater__polling_cleanup_cb' and no __dict__ for setting new attributes
2026-05-06 12:34:15,596 - root - INFO - 🔄 Restarting in 10 seconds...
2026-05-06 13:23:59,577 - __main__ - INFO - Auto-cleanup scheduler started
2026-05-06 13:23:59,745 - __main__ - ERROR - Crash: 'Updater' object has no attribute '_Updater__polling_cleanup_cb' and no __dict__ for setting new attributes — restarting in 10 s
2026-05-06 13:24:00,447 - werkzeug - INFO - [31m[1mWARNING: This is a development server. Do not use it in a production deployment. Use a production WSGI server instead.[0m
 * Running on all addresses (0.0.0.0)
 * Running on http://127.0.0.1:5000
 * Running on http://192.168.0.159:5000
2026-05-06 13:24:00,447 - werkzeug - INFO - [33mPress CTRL+C to quit[0m
2026-05-06 13:24:09,813 - __main__ - ERROR - Crash: 'Updater' object has no attribute '_Updater__polling_cleanup_cb' and no __dict__ for setting new attributes — restarting in 10 s
2026-05-06 13:24:19,880 - __main__ - ERROR - Crash: 'Updater' object has no attribute '_Updater__polling_cleanup_cb' and no __dict__ for setting new attributes — restarting in 10 s
2026-05-06 13:24:21,404 - werkzeug - INFO - 192.168.0.159 - - [06/May/2026 13:24:21] "GET / HTTP/1.1" 200 -
2026-05-06 13:24:21,640 - werkzeug - INFO - 192.168.0.159 - - [06/May/2026 13:24:21] "[33mGET /favicon.ico HTTP/1.1[0m" 404 -
2026-05-06 13:24:29,940 - __main__ - ERROR - Crash: 'Updater' object has no attribute '_Updater__polling_cleanup_cb' and no __dict__ for setting new attributes — restarting in 10 s
2026-05-06 13:24:39,988 - __main__ - ERROR - Crash: 'Updater' object has no attribute '_Updater__polling_cleanup_cb' and no __dict__ for setting new attributes — restarting in 10 s
2026-05-06 13:24:50,062 - __main__ - ERROR - Crash: 'Updater' object has no attribute '_Updater__polling_cleanup_cb' and no __dict__ for setting new attributes — restarting in 10 s
2026-05-06 13:25:00,115 - __main__ - ERROR - Crash: 'Updater' object has no attribute '_Updater__polling_cleanup_cb' and no __dict__ for setting new attributes — restarting in 10 s
2026-05-06 13:25:10,172 - __main__ - ERROR - Crash: 'Updater' object has no attribute '_Updater__polling_cleanup_cb' and no __dict__ for setting new attributes — restarting in 10 s
2026-05-06 13:25:20,251 - __main__ - ERROR - Crash: 'Updater' object has no attribute '_Updater__polling_cleanup_cb' and no __dict__ for setting new attributes — restarting in 10 s
2026-05-06 13:25:30,303 - __main__ - ERROR - Crash: 'Updater' object has no attribute '_Updater__polling_cleanup_cb' and no __dict__ for setting new attributes — restarting in 10 s
2026-05-06 13:25:40,354 - __main__ - ERROR - Crash: 'Updater' object has no attribute '_Updater__polling_cleanup_cb' and no __dict__ for setting new attributes — restarting in 10 s
2026-05-06 13:25:50,428 - __main__ - ERROR - Crash: 'Updater' object has no attribute '_Updater__polling_cleanup_cb' and no __dict__ for setting new attributes — restarting in 10 s
2026-05-06 13:26:00,496 - __main__ - ERROR - Crash: 'Updater' object has no attribute '_Updater__polling_cleanup_cb' and no __dict__ for setting new attributes — restarting in 10 s
2026-05-06 13:26:10,561 - __main__ - ERROR - Crash: 'Updater' object has no attribute '_Updater__polling_cleanup_cb' and no __dict__ for setting new attributes — restarting in 10 s
2026-05-06 13:26:20,672 - __main__ - ERROR - Crash: 'Updater' object has no attribute '_Updater__polling_cleanup_cb' and no __dict__ for setting new attributes — restarting in 10 s
2026-05-06 13:26:30,735 - __main__ - ERROR - Crash: 'Updater' object has no attribute '_Updater__polling_cleanup_cb' and no __dict__ for setting new attributes — restarting in 10 s
2026-05-06 13:26:40,795 - __main__ - ERROR - Crash: 'Updater' object has no attribute '_Updater__polling_cleanup_cb' and no __dict__ for setting new attributes — restarting in 10 s
2026-05-06 13:26:50,859 - __main__ - ERROR - Crash: 'Updater' object has no attribute '_Updater__polling_cleanup_cb' and no __dict__ for setting new attributes — restarting in 10 s
2026-05-06 13:27:00,920 - __main__ - ERROR - Crash: 'Updater' object has no attribute '_Updater__polling_cleanup_cb' and no __dict__ for setting new attributes — restarting in 10 s
2026-05-06 13:27:10,980 - __main__ - ERROR - Crash: 'Updater' object has no attribute '_Updater__polling_cleanup_cb' and no __dict__ for setting new attributes — restarting in 10 s
2026-05-06 13:27:21,040 - __main__ - ERROR - Crash: 'Updater' object has no attribute '_Updater__polling_cleanup_cb' and no __dict__ for setting new attributes — restarting in 10 s
2026-05-06 13:27:31,100 - __main__ - ERROR - Crash: 'Updater' object has no attribute '_Updater__polling_cleanup_cb' and no __dict__ for setting new attributes — restarting in 10 s
2026-05-06 13:27:41,155 - __main__ - ERROR - Crash: 'Updater' object has no attribute '_Updater__polling_cleanup_cb' and no __dict__ for setting new attributes — restarting in 10 s
2026-05-06 13:27:51,215 - __main__ - ERROR - Crash: 'Updater' object has no attribute '_Updater__polling_cleanup_cb' and no __dict__ for setting new attributes — restarting in 10 s
2026-05-06 13:28:01,274 - __main__ - ERROR - Crash: 'Updater' object has no attribute '_Updater__polling_cleanup_cb' and no __dict__ for setting new attributes — restarting in 10 s
2026-05-06 13:28:11,346 - __main__ - ERROR - Crash: 'Updater' object has no attribute '_Updater__polling_cleanup_cb' and no __dict__ for setting new attributes — restarting in 10 s
2026-05-06 13:28:21,413 - __main__ - ERROR - Crash: 'Updater' object has no attribute '_Updater__polling_cleanup_cb' and no __dict__ for setting new attributes — restarting in 10 s
2026-05-06 13:28:31,468 - __main__ - ERROR - Crash: 'Updater' object has no attribute '_Updater__polling_cleanup_cb' and no __dict__ for setting new attributes — restarting in 10 s
2026-05-06 13:28:41,704 - __main__ - ERROR - Crash: 'Updater' object has no attribute '_Updater__polling_cleanup_cb' and no __dict__ for setting new attributes — restarting in 10 s
2026-05-06 13:28:51,760 - __main__ - ERROR - Crash: 'Updater' object has no attribute '_Updater__polling_cleanup_cb' and no __dict__ for setting new attributes — restarting in 10 s
2026-05-06 13:29:01,820 - __main__ - ERROR - Crash: 'Updater' object has no attribute '_Updater__polling_cleanup_cb' and no __dict__ for setting new attributes — restarting in 10 s
2026-05-06 13:29:11,886 - __main__ - ERROR - Crash: 'Updater' object has no attribute '_Updater__polling_cleanup_cb' and no __dict__ for setting new attributes — restarting in 10 s
2026-05-06 13:29:21,947 - __main__ - ERROR - Crash: 'Updater' object has no attribute '_Updater__polling_cleanup_cb' and no __dict__ for setting new attributes — restarting in 10 s
2026-05-06 13:29:32,014 - __main__ - ERROR - Crash: 'Updater' object has no attribute '_Updater__polling_cleanup_cb' and no __dict__ for setting new attributes — restarting in 10 s
2026-05-06 13:29:42,087 - __main__ - ERROR - Crash: 'Updater' object has no attribute '_Updater__polling_cleanup_cb' and no __dict__ for setting new attributes — restarting in 10 s
2026-05-06 13:29:52,140 - __main__ - ERROR - Crash: 'Updater' object has no attribute '_Updater__polling_cleanup_cb' and no __dict__ for setting new attributes — restarting in 10 s
2026-05-06 13:30:02,215 - __main__ - ERROR - Crash: 'Updater' object has no attribute '_Updater__polling_cleanup_cb' and no __dict__ for setting new attributes — restarting in 10 s
2026-05-06 13:30:12,272 - __main__ - ERROR - Crash: 'Updater' object has no attribute '_Updater__polling_cleanup_cb' and no __dict__ for setting new attributes — restarting in 10 s
2026-05-06 13:30:22,355 - __main__ - ERROR - Crash: 'Updater' object has no attribute '_Updater__polling_cleanup_cb' and no __dict__ for setting new attributes — restarting in 10 s
2026-05-06 13:30:32,478 - __main__ - ERROR - Crash: 'Updater' object has no attribute '_Updater__polling_cleanup_cb' and no __dict__ for setting new attributes — restarting in 10 s
2026-05-06 13:30:42,543 - __main__ - ERROR - Crash: 'Updater' object has no attribute '_Updater__polling_cleanup_cb' and no __dict__ for setting new attributes — restarting in 10 s
2026-05-06 13:30:52,601 - __main__ - ERROR - Crash: 'Updater' object has no attribute '_Updater__polling_cleanup_cb' and no __dict__ for setting new attributes — restarting in 10 s
2026-05-06 13:31:02,653 - __main__ - ERROR - Crash: 'Updater' object has no attribute '_Updater__polling_cleanup_cb' and no __dict__ for setting new attributes — restarting in 10 s
2026-05-06 13:31:12,769 - __main__ - ERROR - Crash: 'Updater' object has no attribute '_Updater__polling_cleanup_cb' and no __dict__ for setting new attributes — restarting in 10 s
2026-05-06 13:31:22,837 - __main__ - ERROR - Crash: 'Updater' object has no attribute '_Updater__polling_cleanup_cb' and no __dict__ for setting new attributes — restarting in 10 s
2026-05-06 13:31:32,889 - __main__ - ERROR - Crash: 'Updater' object has no attribute '_Updater__polling_cleanup_cb' and no __dict__ for setting new attributes — restarting in 10 s
2026-05-06 13:31:42,946 - __main__ - ERROR - Crash: 'Updater' object has no attribute '_Updater__polling_cleanup_cb' and no __dict__ for setting new attributes — restarting in 10 s
2026-05-06 13:31:53,049 - __main__ - ERROR - Crash: 'Updater' object has no attribute '_Updater__polling_cleanup_cb' and no __dict__ for setting new attributes — restarting in 10 s
2026-05-06 13:32:03,140 - __main__ - ERROR - Crash: 'Updater' object has no attribute '_Updater__polling_cleanup_cb' and no __dict__ for setting new attributes — restarting in 10 s
2026-05-06 13:32:13,196 - __main__ - ERROR - Crash: 'Updater' object has no attribute '_Updater__polling_cleanup_cb' and no __dict__ for setting new attributes — restarting in 10 s
2026-05-06 13:32:23,258 - __main__ - ERROR - Crash: 'Updater' object has no attribute '_Updater__polling_cleanup_cb' and no __dict__ for setting new attributes — restarting in 10 s
